<?xml version="1.0" encoding="UTF-8"?>
<!-- Generated by org.testng.reporters.JUnitXMLReporter -->
<testsuite hostname="Yashu" ignored="1" name="Default test" tests="2" failures="0" timestamp="2021-02-07T17:10:06 IST" time="21.077" errors="0">
  <testcase name="launchBrowserChrome" time="8.365" classname="com.qa.sut.testClasses.BaseTest"/>
  <testcase name="search" time="12.654" classname="com.qa.sut.testClasses.ConfigurationTest"/>
  <testcase name="launchBrowser" time="0.0" classname="com.qa.sut.testClasses.BaseTest">
    <ignored/>
  </testcase> <!-- launchBrowser -->
</testsuite> <!-- Default test -->
