<?xml version="1.0" encoding="UTF-8"?>
<testsuite xmlns:xsi="http://www.w3.org/2001/XMLSchema-instance" xsi:noNamespaceSchemaLocation="https://maven.apache.org/surefire/maven-surefire-plugin/xsd/surefire-test-report.xsd" name="TestSuite" time="82.828" tests="11" errors="0" skipped="0" failures="3">
  <properties>
[...]
</properties>
  <testcase name="launchBrowserChrome" classname="com.qa.sut.testClasses.BaseTest" time="16.038"/>
  <testcase name="launchBrowserChrome" classname="com.qa.sut.testClasses.ConfigurationTest" time="6.587"/>
  <testcase name="search" classname="com.qa.sut.testClasses.ConfigurationTest" time="14.453"/>
  <testcase name="launchBrowserChrome" classname="com.qa.sut.testClasses.HomeTest" time="6.303"/>
  <testcase name="verifyLogout" classname="com.qa.sut.testClasses.HomeTest" time="5.028">
    <failure type="java.lang.NullPointerException">java.lang.NullPointerException
	at com.qa.sut.testClasses.HomeTest.verifyLogout(HomeTest.java:19)
</failure>
    <system-out><![CDATA[C:\Users\Yashu\Desktop\Software Testing Training\LearnSelenium\POM_08_01\Config\config.properties
C:\Users\Yashu\Desktop\Software Testing Training\LearnSelenium\POM_08_01\Config\config.properties
in getelementBy.id: welcome   driver is   null
]]></system-out>
  </testcase>
  <testcase name="launchBrowserChrome" classname="com.qa.sut.testClasses.LoginTest" time="6.282"/>
  <testcase name="verifyPageTitle" classname="com.qa.sut.testClasses.LoginTest" time="0.061"/>
  <testcase name="verifyLogin" classname="com.qa.sut.testClasses.LoginTest" time="5.085"/>
  <testcase name="edit" classname="com.qa.sut.testClasses.OptionalFieldsTest" time="0.005">
    <failure type="java.lang.NullPointerException">java.lang.NullPointerException
	at com.qa.sut.testClasses.OptionalFieldsTest.edit(OptionalFieldsTest.java:13)
</failure>
    <system-out><![CDATA[in getelementBy.cssSelector: #btnSave   driver is   null
]]></system-out>
  </testcase>
  <testcase name="launchBrowserChrome" classname="com.qa.sut.testClasses.OptionalFieldsTest" time="9.555"/>
  <testcase name="search" classname="com.qa.sut.testClasses.OptionalFieldsTest" time="12.138">
    <failure message="chrome not reachable&#10;  (Session info: chrome=88.0.4324.150)&#10;Build info: version: &apos;4.0.0-alpha-7&apos;, revision: &apos;de8579b6d5&apos;&#10;System info: host: &apos;YASHU&apos;, ip: &apos;192.168.1.4&apos;, os.name: &apos;Windows 10&apos;, os.arch: &apos;amd64&apos;, os.version: &apos;10.0&apos;, java.version: &apos;1.8.0_231&apos;&#10;Driver info: org.openqa.selenium.chrome.ChromeDriver&#10;Capabilities {acceptInsecureCerts: false, browserName: chrome, browserVersion: 88.0.4324.150, chrome: {chromedriverVersion: 88.0.4324.96 (68dba2d8a0b14..., userDataDir: C:\Users\Yashu\AppData\Loca...}, goog:chromeOptions: {debuggerAddress: localhost:49571}, javascriptEnabled: true, networkConnectionEnabled: false, pageLoadStrategy: normal, platform: WINDOWS, platformName: WINDOWS, proxy: Proxy(), setWindowRect: true, strictFileInteractability: false, timeouts: {implicit: 0, pageLoad: 300000, script: 30000}, unhandledPromptBehavior: dismiss and notify, webauthn:extension:largeBlob: true, webauthn:virtualAuthenticators: true}&#10;Session ID: a93096f5355978124ab64d9232000ba3&#10;*** Element info: {Using=id, value=txtUsername}" type="org.openqa.selenium.WebDriverException">org.openqa.selenium.WebDriverException: 
chrome not reachable
  (Session info: chrome=88.0.4324.150)
Build info: version: '4.0.0-alpha-7', revision: 'de8579b6d5'
System info: host: 'YASHU', ip: '192.168.1.4', os.name: 'Windows 10', os.arch: 'amd64', os.version: '10.0', java.version: '1.8.0_231'
Driver info: org.openqa.selenium.chrome.ChromeDriver
Capabilities {acceptInsecureCerts: false, browserName: chrome, browserVersion: 88.0.4324.150, chrome: {chromedriverVersion: 88.0.4324.96 (68dba2d8a0b14..., userDataDir: C:\Users\Yashu\AppData\Loca...}, goog:chromeOptions: {debuggerAddress: localhost:49571}, javascriptEnabled: true, networkConnectionEnabled: false, pageLoadStrategy: normal, platform: WINDOWS, platformName: WINDOWS, proxy: Proxy(), setWindowRect: true, strictFileInteractability: false, timeouts: {implicit: 0, pageLoad: 300000, script: 30000}, unhandledPromptBehavior: dismiss and notify, webauthn:extension:largeBlob: true, webauthn:virtualAuthenticators: true}
Session ID: a93096f5355978124ab64d9232000ba3
*** Element info: {Using=id, value=txtUsername}
</failure>
    <system-out><![CDATA[C:\Users\Yashu\Desktop\Software Testing Training\LearnSelenium\POM_08_01\Config\config.properties
C:\Users\Yashu\Desktop\Software Testing Training\LearnSelenium\POM_08_01\Config\config.properties
in getelementBy.id: txtUsername   driver is   ChromeDriver: chrome on WINDOWS (a93096f5355978124ab64d9232000ba3)
]]></system-out>
    <system-err><![CDATA[[1613561170.061][WARNING]: Timed out connecting to Chrome, retrying...
]]></system-err>
  </testcase>
</testsuite>